[Fri Mar 11 17:33:41 2016] INFO: Opened log file Urho3D.log
[Fri Mar 11 17:33:41 2016] INFO: Created 1 worker thread
[Fri Mar 11 17:33:41 2016] INFO: Added resource path /Users/mlr_04/github/Urho3D_test1/build_generic/bin/Data/
[Fri Mar 11 17:33:41 2016] INFO: Added resource path /Users/mlr_04/github/Urho3D_test1/build_generic/bin/CoreData/
[Fri Mar 11 17:33:42 2016] INFO: Set screen mode 1024x768 windowed
[Fri Mar 11 17:33:42 2016] INFO: Initialized input
[Fri Mar 11 17:33:42 2016] INFO: Initialized user interface
[Fri Mar 11 17:33:42 2016] INFO: Initialized renderer
[Fri Mar 11 17:33:42 2016] INFO: Initialized engine

Used resources:
Textures/Ramp.png
Textures/Spot.png
Textures/StoneDiffuse.dds
Textures/StoneNormal.dds
Textures/Mushroom.dds
Textures/Smoke.dds
Textures/RampExtreme.png
Techniques/NoTexture.xml
Techniques/DiffNormalPacked.xml
Techniques/Diff.xml
Techniques/DiffLitParticleAlpha.xml
RenderPaths/Forward.xml
PostProcess/Bloom.xml
PostProcess/FXAA2.xml
PostProcess/Blur.xml
Models/Box.mdl
Models/Mushroom.mdl
Materials/Stone.xml
Materials/Mushroom.xml
Materials/LitSmoke.xml
Shaders/GLSL/LitSolid.glsl
Shaders/GLSL/LitParticle.glsl
Shaders/GLSL/Stencil.glsl
Shaders/GLSL/Shadow.glsl
Shaders/GLSL/Bloom.glsl
Shaders/GLSL/CopyFramebuffer.glsl
Shaders/GLSL/FXAA2.glsl
Shaders/GLSL/Blur.glsl
